loading app src/controller/sdn_controller.py
loading app ryu.controller.ofp_handler
instantiating app src/controller/sdn_controller.py of TrafficMonitorController
IPv6 support: ENABLED
instantiating app ryu.controller.ofp_handler of OFPHandler
BRICK TrafficMonitorController
  CONSUMES EventOFPFlowStatsReply
  CONSUMES EventOFPPacketIn
  CONSUMES EventOFPPortStatsReply
  CONSUMES EventOFPStateChange
  CONSUMES EventOFPSwitchFeatures
BRICK ofp_event
  PROVIDES EventOFPFlowStatsReply TO {'TrafficMonitorController': {'main'}}
  PROVIDES EventOFPPacketIn TO {'TrafficMonitorController': {'main'}}
  PROVIDES EventOFPPortStatsReply TO {'TrafficMonitorController': {'main'}}
  PROVIDES EventOFPStateChange TO {'TrafficMonitorController': {'main', 'dead'}}
  PROVIDES EventOFPSwitchFeatures TO {'TrafficMonitorController': {'config'}}
  CONSUMES EventOFPEchoReply
  CONSUMES EventOFPEchoRequest
  CONSUMES EventOFPErrorMsg
  CONSUMES EventOFPHello
  CONSUMES EventOFPPortDescStatsReply
  CONSUMES EventOFPPortStatus
  CONSUMES EventOFPSwitchFeatures
